Using pre-set license
Built from '2020.3/staging' branch; Version is '2020.3.20f1 (41c4e627c95f) revision 4310246'; Using compiler version '192528614'; Build Type 'Release'
OS: 'Windows 10 Home; OS build 22000.556; Version 2009; 64bit' Language: 'en' Physical Memory: 32637 MB
BatchMode: 1, IsHumanControllingUs: 0, StartBugReporterOnCrash: 0, Is64bit: 1, IsPro: 0

COMMAND LINE ARGUMENTS:
C:\Program Files\Unity\Hub\Editor\2020.3.20f1\Editor\Unity.exe
-adb2
-batchMode
-noUpm
-name
AssetImportWorker0
-projectPath
C:/Nima/Unity Projects/Escape Room VR
-logFile
Logs/AssetImportWorker0.log
-srvPort
52533
Successfully changed project path to: C:/Nima/Unity Projects/Escape Room VR
C:/Nima/Unity Projects/Escape Room VR
Using Asset Import Pipeline V2.
Refreshing native plugins compatible for Editor in 71.22 ms, found 10 plugins.
Preloading 1 native plugins for Editor in 0.61 ms.
Initialize engine version: 2020.3.20f1 (41c4e627c95f)
[Subsystems] Discovering subsystems at path C:/Program Files/Unity/Hub/Editor/2020.3.20f1/Editor/Data/Resources/UnitySubsystems
[Subsystems] Discovering subsystems at path C:/Nima/Unity Projects/Escape Room VR/Assets
GfxDevice: creating device client; threaded=0
Direct3D:
    Version:  Direct3D 11.0 [level 11.1]
    Renderer: NVIDIA GeForce RTX 2080 Super with Max-Q Design (ID=0x1e93)
    Vendor:   
    VRAM:     8010 MB
    Driver:   30.0.15.1179
Initialize mono
Mono path[0] = 'C:/Program Files/Unity/Hub/Editor/2020.3.20f1/Editor/Data/Managed'
Mono path[1] = 'C:/Program Files/Unity/Hub/Editor/2020.3.20f1/Editor/Data/MonoBleedingEdge/lib/mono/unityjit'
Mono config path = 'C:/Program Files/Unity/Hub/Editor/2020.3.20f1/Editor/Data/MonoBleedingEdge/etc'
Using monoOptions --debugger-agent=transport=dt_socket,embedding=1,server=y,suspend=n,address=127.0.0.1:56788
Begin MonoManager ReloadAssembly
Registering precompiled unity dll's ...
Register platform support module: C:/Program Files/Unity/Hub/Editor/2020.3.20f1/Editor/Data/PlaybackEngines/WebGLSupport/UnityEditor.WebGL.Extensions.dll
Register platform support module: C:/Program Files/Unity/Hub/Editor/2020.3.20f1/Editor/Data/PlaybackEngines/MacStandaloneSupport/UnityEditor.OSXStandalone.Extensions.dll
Register platform support module: C:/Program Files/Unity/Hub/Editor/2020.3.20f1/Editor/Data/PlaybackEngines/WindowsStandaloneSupport/UnityEditor.WindowsStandalone.Extensions.dll
Register platform support module: C:/Program Files/Unity/Hub/Editor/2020.3.20f1/Editor/Data/PlaybackEngines/LinuxStandaloneSupport/UnityEditor.LinuxStandalone.Extensions.dll
Register platform support module: C:/Program Files/Unity/Hub/Editor/2020.3.20f1/Editor/Data/PlaybackEngines/LuminSupport/UnityEditor.Lumin.Extensions.dll
Registered in 0.002416 seconds.
Native extension for Lumin target not found
Native extension for LinuxStandalone target not found
Native extension for WindowsStandalone target not found
Native extension for OSXStandalone target not found
Native extension for WebGL target not found
Refreshing native plugins compatible for Editor in 69.54 ms, found 10 plugins.
Preloading 1 native plugins for Editor in 0.07 ms.
Mono: successfully reloaded assembly
- Completed reload, in  1.712 seconds
Domain Reload Profiling:
	ReloadAssembly (1712ms)
		BeginReloadAssembly (41ms)
			ExecutionOrderSort (0ms)
			DisableScriptedObjects (0ms)
			BackupInstance (0ms)
			ReleaseScriptingObjects (0ms)
			CreateAndSetChildDomain (1ms)
		EndReloadAssembly (401ms)
			LoadAssemblies (40ms)
			RebuildTransferFunctionScriptingTraits (0ms)
			SetupTypeCache (139ms)
			ReleaseScriptCaches (0ms)
			RebuildScriptCaches (24ms)
			SetupLoadedEditorAssemblies (177ms)
				LogAssemblyErrors (0ms)
				InitializePlatformSupportModulesInManaged (6ms)
				SetLoadedEditorAssemblies (0ms)
				RefreshPlugins (70ms)
				BeforeProcessingInitializeOnLoad (14ms)
				ProcessInitializeOnLoadAttributes (65ms)
				ProcessInitializeOnLoadMethodAttributes (22ms)
				AfterProcessingInitializeOnLoad (0ms)
				EditorAssembliesLoaded (0ms)
			ExecutionOrderSort2 (0ms)
			AwakeInstancesAfterBackupRestoration (0ms)
Platform modules already initialized, skipping
Registering precompiled user dll's ...
Registered in 0.005429 seconds.
Begin MonoManager ReloadAssembly
Native extension for Lumin target not found
Native extension for LinuxStandalone target not found
Native extension for WindowsStandalone target not found
Native extension for OSXStandalone target not found
Native extension for WebGL target not found
Refreshing native plugins compatible for Editor in 73.80 ms, found 10 plugins.
Preloading 1 native plugins for Editor in 0.07 ms.
[XR] OculusXRPlugin: registering subsystems
[XR] Unable to register display lifecyle provider: [1]
[XR] Oculus Input lifecycle provider registered.
[XR] Unable to register input lifecyle provider: [1]
System.Reflection.TargetInvocationException: Exception has been thrown by the target of an invocation. ---> System.NullReferenceException: Object reference not set to an instance of an object
  at Unity.XR.Oculus.OculusLoader.AssetPathToAbsolutePath (System.String assetPath) [0x00048] in C:\Nima\Unity Projects\Escape Room VR\Library\PackageCache\com.unity.xr.oculus@1.10.0\Runtime\OculusLoader.cs:250 
  at Unity.XR.Oculus.OculusLoader.EditorLoadOVRPlugin () [0x0007b] in C:\Nima\Unity Projects\Escape Room VR\Library\PackageCache\com.unity.xr.oculus@1.10.0\Runtime\OculusLoader.cs:235 
  at (wrapper managed-to-native) System.Reflection.MonoMethod.InternalInvoke(System.Reflection.MonoMethod,object,object[],System.Exception&)
  at System.Reflection.MonoMethod.Invoke (System.Object obj, System.Reflection.BindingFlags invokeAttr, System.Reflection.Binder binder, System.Object[] parameters, System.Globalization.CultureInfo culture) [0x00032] in <695d1cc93cca45069c528c15c9fdd749>:0 
   --- End of inner exception stack trace ---
  at System.Reflection.MonoMethod.Invoke (System.Object obj, System.Reflection.BindingFlags invokeAttr, System.Reflection.Binder binder, System.Object[] parameters, System.Globalization.CultureInfo culture) [0x00048] in <695d1cc93cca45069c528c15c9fdd749>:0 
  at System.Reflection.MethodBase.Invoke (System.Object obj, System.Object[] parameters) [0x00000] in <695d1cc93cca45069c528c15c9fdd749>:0 
  at UnityEditor.EditorAssemblies.ProcessInitializeOnLoadMethodAttributes () [0x00047] in <83a38f5397d94e36a22efa3369c82390>:0 
UnityEngine.StackTraceUtility:ExtractStackTrace ()
UnityEngine.DebugLogHandler:LogFormat (UnityEngine.LogType,UnityEngine.Object,string,object[])
UnityEngine.Logger:Log (UnityEngine.LogType,object)
UnityEngine.Debug:LogError (object)
UnityEditor.EditorAssemblies:ProcessInitializeOnLoadMethodAttributes ()

Mono: successfully reloaded assembly
- Completed reload, in  1.207 seconds
Domain Reload Profiling:
	ReloadAssembly (1208ms)
		BeginReloadAssembly (123ms)
			ExecutionOrderSort (0ms)
			DisableScriptedObjects (4ms)
			BackupInstance (0ms)
			ReleaseScriptingObjects (0ms)
			CreateAndSetChildDomain (17ms)
		EndReloadAssembly (1032ms)
			LoadAssemblies (77ms)
			RebuildTransferFunctionScriptingTraits (0ms)
			SetupTypeCache (321ms)
			ReleaseScriptCaches (1ms)
			RebuildScriptCaches (72ms)
			SetupLoadedEditorAssemblies (437ms)
				LogAssemblyErrors (0ms)
				InitializePlatformSupportModulesInManaged (6ms)
				SetLoadedEditorAssemblies (0ms)
				RefreshPlugins (74ms)
				BeforeProcessingInitializeOnLoad (93ms)
				ProcessInitializeOnLoadAttributes (246ms)
				ProcessInitializeOnLoadMethodAttributes (13ms)
				AfterProcessingInitializeOnLoad (4ms)
				EditorAssembliesLoaded (0ms)
			ExecutionOrderSort2 (0ms)
			AwakeInstancesAfterBackupRestoration (5ms)
Platform modules already initialized, skipping
========================================================================
Worker process is ready to serve import requests
Launched and connected shader compiler UnityShaderCompiler.exe after 0.06 seconds
Refreshing native plugins compatible for Editor in 1.19 ms, found 10 plugins.
Preloading 1 native plugins for Editor in 0.07 ms.
Unloading 3939 Unused Serialized files (Serialized files now loaded: 0)
System memory in use before: 163.4 MB.
System memory in use after: 163.6 MB.

Unloading 38 unused Assets to reduce memory usage. Loaded Objects now: 4380.
Total: 3.813500 ms (FindLiveObjects: 0.363800 ms CreateObjectMapping: 0.236100 ms MarkObjects: 3.151400 ms  DeleteObjects: 0.061200 ms)

AssetImportParameters requested are different than current active one (requested -> active):
  custom:framework-win-MediaFoundation: 216162199b28c13a410421893ffa2e32 -> 
  custom:video-decoder-ogg-theora: a1e56fd34408186e4bbccfd4996cb3dc -> 
  custom:container-muxer-webm: aa71ff27fc2769a1b78a27578f13a17b -> 
  custom:container-demuxer-webm: 4f35f7cbe854078d1ac9338744f61a02 -> 
  custom:container-demuxer-ogg: 62fdf1f143b41e24485cea50d1cbac27 -> 
  custom:video-encoder-webm-vp8: eb34c28f22e8b96e1ab97ce403110664 -> 
  custom:video-codec-MediaFoundation-h265: 746d11721c4dcdbdad8f713fa42b33f4 -> 
  custom:video-decoder-webm-vp8: 9c59270c3fd7afecdb556c50c9e8de78 -> 
  custom:audio-decoder-ogg-vorbis: bf7c407c2cedff20999df2af8eb42d56 -> 
  custom:audio-encoder-webm-vorbis: bf7c407c2cedff20999df2af8eb42d56 -> 
========================================================================
Received Import Request.
  path: Assets/Scenes
  artifactKey: Guid(4f3689520a100314b8783ba6c9d885e8) Importer(815301076,1909f56bfc062723c751e8b465ee728b)
Start importing Assets/Scenes using Guid(4f3689520a100314b8783ba6c9d885e8) Importer(815301076,1909f56bfc062723c751e8b465ee728b)  -> (artifact id: 'dc9ce5fa80cc75def02ea19611ad60ce') in 0.009367 seconds 
  Import took 0.014759 seconds .

========================================================================
Received Import Request.
  Time since last request: 0.480211 seconds.
  path: Assets/ExampleAssets/Models
  artifactKey: Guid(aa97895f3852bd44399ef0893bec4f5e) Importer(815301076,1909f56bfc062723c751e8b465ee728b)
Start importing Assets/ExampleAssets/Models using Guid(aa97895f3852bd44399ef0893bec4f5e) Importer(815301076,1909f56bfc062723c751e8b465ee728b)  -> (artifact id: '148bd1374e384877c948124b2b92d031') in 0.006233 seconds 
  Import took 0.012171 seconds .

========================================================================
Received Import Request.
  Time since last request: 4.135367 seconds.
  path: Assets/VR Beginner/Scenes
  artifactKey: Guid(2b0e93446796ee64f93364ebe6c513e0) Importer(815301076,1909f56bfc062723c751e8b465ee728b)
Start importing Assets/VR Beginner/Scenes using Guid(2b0e93446796ee64f93364ebe6c513e0) Importer(815301076,1909f56bfc062723c751e8b465ee728b)  -> (artifact id: 'b0e96dd063371573bc6acb3fa43e9c60') in 0.002717 seconds 
  Import took 0.008639 seconds .

========================================================================
Received Import Request.
  Time since last request: 3.740658 seconds.
  path: Assets/VR Beginner/Scenes/Templates
  artifactKey: Guid(f9de34544b686d54cbd7a5d655016670) Importer(815301076,1909f56bfc062723c751e8b465ee728b)
Start importing Assets/VR Beginner/Scenes/Templates using Guid(f9de34544b686d54cbd7a5d655016670) Importer(815301076,1909f56bfc062723c751e8b465ee728b)  -> (artifact id: '6715a977fc37edbe2b79ea046178fc6d') in 0.006524 seconds 
  Import took 0.012165 seconds .

========================================================================
Received Import Request.
  Time since last request: 0.804540 seconds.
  path: Assets/VR Beginner/Scenes/Templates/EmptyPrototypeScene.unity
  artifactKey: Guid(edb896499a74f8d43943294fc4458ae2) Importer(815301076,1909f56bfc062723c751e8b465ee728b)
Start importing Assets/VR Beginner/Scenes/Templates/EmptyPrototypeScene.unity using Guid(edb896499a74f8d43943294fc4458ae2) Importer(815301076,1909f56bfc062723c751e8b465ee728b)  -> (artifact id: '2210c8c7db5370ab9e8cc5300997bb41') in 0.013538 seconds 
  Import took 0.018845 seconds .

========================================================================
Received Import Request.
  Time since last request: 13.636204 seconds.
  path: Assets/VR Beginner/Scenes/Templates/EmptyScene.unity
  artifactKey: Guid(0a8e6f393019bdd48aa904b304b8c5d4) Importer(815301076,1909f56bfc062723c751e8b465ee728b)
Start importing Assets/VR Beginner/Scenes/Templates/EmptyScene.unity using Guid(0a8e6f393019bdd48aa904b304b8c5d4) Importer(815301076,1909f56bfc062723c751e8b465ee728b)  -> (artifact id: '0d6ab18af0ce9acea02d2576d020f2fc') in 0.006099 seconds 
  Import took 0.012187 seconds .

========================================================================
Received Import Request.
  Time since last request: 5.152302 seconds.
  path: Assets/VR Beginner/Scenes/Final/PrototypeScene.unity
  artifactKey: Guid(5ff136f1bfd1b4f439ebe94b8ca30146) Importer(815301076,1909f56bfc062723c751e8b465ee728b)
Start importing Assets/VR Beginner/Scenes/Final/PrototypeScene.unity using Guid(5ff136f1bfd1b4f439ebe94b8ca30146) Importer(815301076,1909f56bfc062723c751e8b465ee728b)  -> (artifact id: '917949913720ff855f73ffa207a40f4f') in 0.007517 seconds 
  Import took 0.012792 seconds .

========================================================================
Received Import Request.
  Time since last request: 19.063729 seconds.
  path: Assets/VR Beginner/Scenes/Final/EscapeRoom.unity
  artifactKey: Guid(0f290611f0f8be4419d06b71aba4e36a) Importer(815301076,1909f56bfc062723c751e8b465ee728b)
Start importing Assets/VR Beginner/Scenes/Final/EscapeRoom.unity using Guid(0f290611f0f8be4419d06b71aba4e36a) Importer(815301076,1909f56bfc062723c751e8b465ee728b)  -> (artifact id: '414b42766f61d034f3a54e3306f6a934') in 0.006003 seconds 
  Import took 0.012077 seconds .

========================================================================
Received Import Request.
  Time since last request: 88.166523 seconds.
  path: Assets/VR Beginner/VFX/Potions/LiquidParticleGreen.mat
  artifactKey: Guid(4f86b2cac8cedbb418ddb9f1c311ce40) Importer(815301076,1909f56bfc062723c751e8b465ee728b)
Start importing Assets/VR Beginner/VFX/Potions/LiquidParticleGreen.mat using Guid(4f86b2cac8cedbb418ddb9f1c311ce40) Importer(815301076,1909f56bfc062723c751e8b465ee728b)  -> (artifact id: 'bb4562a89e525fc5042cf85dec0714d1') in 0.536978 seconds 
  Import took 0.543817 seconds .

========================================================================
Received Import Request.
  Time since last request: 66.572624 seconds.
  path: Assets/VR Beginner/Prefabs/Potions/PotionBottle2.prefab
  artifactKey: Guid(97fa8c9687fbf0d4cad34eb10285e06a) Importer(815301076,1909f56bfc062723c751e8b465ee728b)
Start importing Assets/VR Beginner/Prefabs/Potions/PotionBottle2.prefab using Guid(97fa8c9687fbf0d4cad34eb10285e06a) Importer(815301076,1909f56bfc062723c751e8b465ee728b)  -> (artifact id: '8bfb6c360da7c037a5a156716b5473c2') in 0.092710 seconds 
  Import took 0.100706 seconds .

========================================================================
Received Import Request.
  Time since last request: 0.752742 seconds.
  path: Assets/VR Beginner/Models/PotionBottle2Broken.FBX
  artifactKey: Guid(3130254a08bc60f47ac3d85dd5850226) Importer(815301076,1909f56bfc062723c751e8b465ee728b)
Start importing Assets/VR Beginner/Models/PotionBottle2Broken.FBX using Guid(3130254a08bc60f47ac3d85dd5850226) Importer(815301076,1909f56bfc062723c751e8b465ee728b)  -> (artifact id: '80023bbf508526848667bbf494827dfe') in 0.840436 seconds 
  Import took 0.845992 seconds .

========================================================================
Received Import Request.
  Time since last request: 2.741185 seconds.
  path: Assets/VR Beginner/Prefabs/Potions/PotionBottle3(Unlocker).prefab
  artifactKey: Guid(0b76d3131f1ffbe48925c7fbe4d7c572) Importer(815301076,1909f56bfc062723c751e8b465ee728b)
Start importing Assets/VR Beginner/Prefabs/Potions/PotionBottle3(Unlocker).prefab using Guid(0b76d3131f1ffbe48925c7fbe4d7c572) Importer(815301076,1909f56bfc062723c751e8b465ee728b)  -> (artifact id: 'f9b0e20a89ea42e562f3878872e3223d') in 0.702102 seconds 
  Import took 0.709803 seconds .

========================================================================
Received Import Request.
  Time since last request: 0.206389 seconds.
  path: Assets/VR Beginner/Prefabs/Potions/PotionBottleBad.prefab
  artifactKey: Guid(76e3827b96e96044a9d5c93221f53020) Importer(815301076,1909f56bfc062723c751e8b465ee728b)
Start importing Assets/VR Beginner/Prefabs/Potions/PotionBottleBad.prefab using Guid(76e3827b96e96044a9d5c93221f53020) Importer(815301076,1909f56bfc062723c751e8b465ee728b)  -> (artifact id: 'f23967f40f173592a2520e82a2be07d6') in 0.669530 seconds 
  Import took 0.677236 seconds .

========================================================================
Received Import Request.
  Time since last request: 0.251940 seconds.
  path: Assets/VR Beginner/Models/PotionBottle2.FBX
  artifactKey: Guid(6ba54a1627a566744b4e94ee90aa14b4) Importer(815301076,1909f56bfc062723c751e8b465ee728b)
Start importing Assets/VR Beginner/Models/PotionBottle2.FBX using Guid(6ba54a1627a566744b4e94ee90aa14b4) Importer(815301076,1909f56bfc062723c751e8b465ee728b)  -> (artifact id: 'ec56ccda519cd3e1a55c99cc8fd9a978') in 0.053429 seconds 
  Import took 0.060411 seconds .

========================================================================
Received Import Request.
  Time since last request: 21.197799 seconds.
  path: Assets/VR Beginner/VFX/Potions/PotionPop.vfx
  artifactKey: Guid(4ca8490dc0acba948b3413109060d4bc) Importer(815301076,1909f56bfc062723c751e8b465ee728b)
Start importing Assets/VR Beginner/VFX/Potions/PotionPop.vfx using Guid(4ca8490dc0acba948b3413109060d4bc) Importer(815301076,1909f56bfc062723c751e8b465ee728b)  -> (artifact id: '9524aab65a0ce5e8f62b4e1d6a35615b') in 0.008649 seconds 
  Import took 0.016040 seconds .

========================================================================
Received Import Request.
  Time since last request: 1.167736 seconds.
  path: Assets/VR Beginner/Models/PotionSpawner.fbx
  artifactKey: Guid(ba46ffcfc523c8b43bcc96762a43550d) Importer(815301076,1909f56bfc062723c751e8b465ee728b)
Start importing Assets/VR Beginner/Models/PotionSpawner.fbx using Guid(ba46ffcfc523c8b43bcc96762a43550d) Importer(815301076,1909f56bfc062723c751e8b465ee728b)  -> (artifact id: '8a14cb093742305777498d62393c35e5') in 0.026965 seconds 
  Import took 0.034215 seconds .

========================================================================
Received Import Request.
  Time since last request: 0.597354 seconds.
  path: Assets/VR Beginner/Prefabs/Stations/PotionSpawner.prefab
  artifactKey: Guid(34f60038cbdc1bc4cbcf03f80d58de66) Importer(815301076,1909f56bfc062723c751e8b465ee728b)
Start importing Assets/VR Beginner/Prefabs/Stations/PotionSpawner.prefab using Guid(34f60038cbdc1bc4cbcf03f80d58de66) Importer(815301076,1909f56bfc062723c751e8b465ee728b)  -> (artifact id: '6ee63446850d6d921b8119c6be86bab6') in 0.024649 seconds 
  Import took 0.031422 seconds .

========================================================================
Received Import Request.
  Time since last request: 2.246170 seconds.
  path: Assets/VR Beginner/Scripts/Gameplay/PotionSpawner.cs
  artifactKey: Guid(10203940a300097439a239fa42709a06) Importer(815301076,1909f56bfc062723c751e8b465ee728b)
Start importing Assets/VR Beginner/Scripts/Gameplay/PotionSpawner.cs using Guid(10203940a300097439a239fa42709a06) Importer(815301076,1909f56bfc062723c751e8b465ee728b)  -> (artifact id: '2bc7806241cbb052c64821194e5ccd69') in 0.004099 seconds 
  Import took 0.009995 seconds .

========================================================================
Received Import Request.
  Time since last request: 0.660901 seconds.
  path: Assets/VR Beginner/Audio/SFXPotionReady.ogg
  artifactKey: Guid(a5438be1d96979f49a91644905e54479) Importer(815301076,1909f56bfc062723c751e8b465ee728b)
Start importing Assets/VR Beginner/Audio/SFXPotionReady.ogg using Guid(a5438be1d96979f49a91644905e54479) Importer(815301076,1909f56bfc062723c751e8b465ee728b)  -> (artifact id: '74e56b632ffaa7e502eb5dabddc7d98a') in 0.018910 seconds 
  Import took 0.025222 seconds .

========================================================================
Received Import Request.
  Time since last request: 1.544096 seconds.
  path: Assets/VR Beginner/Models/PotionBottle1.FBX
  artifactKey: Guid(a795a3a3f0cabd645bcc05e4caa8df92) Importer(815301076,1909f56bfc062723c751e8b465ee728b)
Start importing Assets/VR Beginner/Models/PotionBottle1.FBX using Guid(a795a3a3f0cabd645bcc05e4caa8df92) Importer(815301076,1909f56bfc062723c751e8b465ee728b)  -> (artifact id: 'da80738826ef406cf512455b1dba0c78') in 0.054591 seconds 
  Import took 0.062794 seconds .

========================================================================
Received Import Request.
  Time since last request: 0.397966 seconds.
  path: Assets/VR Beginner/Prefabs/Potions/PotionBottle1.prefab
  artifactKey: Guid(b4bbe15423322ed41a7f5c18437c5a46) Importer(815301076,1909f56bfc062723c751e8b465ee728b)
Start importing Assets/VR Beginner/Prefabs/Potions/PotionBottle1.prefab using Guid(b4bbe15423322ed41a7f5c18437c5a46) Importer(815301076,1909f56bfc062723c751e8b465ee728b)  -> (artifact id: 'b19b52896dd85a223c2b80e0e7a5003f') in 0.031821 seconds 
  Import took 0.039202 seconds .

========================================================================
Received Import Request.
  Time since last request: 0.637576 seconds.
  path: Assets/VR Beginner/VFX/Potions
  artifactKey: Guid(eae82daeb1083ef408abaed67ee3da59) Importer(815301076,1909f56bfc062723c751e8b465ee728b)
Start importing Assets/VR Beginner/VFX/Potions using Guid(eae82daeb1083ef408abaed67ee3da59) Importer(815301076,1909f56bfc062723c751e8b465ee728b)  -> (artifact id: 'cfb4c49b71522e4294130b1cedbd7922') in 0.007749 seconds 
  Import took 0.014696 seconds .

========================================================================
Received Import Request.
  Time since last request: 43.186043 seconds.
  path: Assets/VR Beginner/VFX/Outline/GlassOutlineShader.shadergraph
  artifactKey: Guid(78e3db34e2bb7dd4ba8ad1e21f045bdb) Importer(815301076,1909f56bfc062723c751e8b465ee728b)
Start importing Assets/VR Beginner/VFX/Outline/GlassOutlineShader.shadergraph using Guid(78e3db34e2bb7dd4ba8ad1e21f045bdb) Importer(815301076,1909f56bfc062723c751e8b465ee728b)  -> (artifact id: '82210146fedd79a397f93abef40b134e') in 0.011881 seconds 
  Import took 0.021420 seconds .

========================================================================
Received Import Request.
  Time since last request: 0.002032 seconds.
  path: Assets/VR Beginner/VFX/Potions/LiquidShader.shadergraph
  artifactKey: Guid(292dba6cb50f7954c95476c600454adf) Importer(815301076,1909f56bfc062723c751e8b465ee728b)
Start importing Assets/VR Beginner/VFX/Potions/LiquidShader.shadergraph using Guid(292dba6cb50f7954c95476c600454adf) Importer(815301076,1909f56bfc062723c751e8b465ee728b)  -> (artifact id: '9e0579752df354c76ab8992f1d59b337') in 0.008508 seconds 
  Import took 0.015649 seconds .

========================================================================
Received Import Request.
  Time since last request: 0.001886 seconds.
  path: Assets/VR Beginner/VFX/Outline/GlassOutline.mat
  artifactKey: Guid(9891d27cdd3cb4147b014da22707e5b3) Importer(815301076,1909f56bfc062723c751e8b465ee728b)
Start importing Assets/VR Beginner/VFX/Outline/GlassOutline.mat using Guid(9891d27cdd3cb4147b014da22707e5b3) Importer(815301076,1909f56bfc062723c751e8b465ee728b)  -> (artifact id: '9f668538d2473e0a2aa3e76513f91e4c') in 0.015432 seconds 
  Import took 0.022086 seconds .

========================================================================
Received Import Request.
  Time since last request: 0.008997 seconds.
  path: Assets/VR Beginner/Textures/TheMaterial/TheMaterialBase.png
  artifactKey: Guid(28e1f20ca87041c42b4f28e6f1bea508) Importer(815301076,1909f56bfc062723c751e8b465ee728b)
Start importing Assets/VR Beginner/Textures/TheMaterial/TheMaterialBase.png using Guid(28e1f20ca87041c42b4f28e6f1bea508) Importer(815301076,1909f56bfc062723c751e8b465ee728b)  -> (artifact id: 'f9645b62b6fe05ed55db9f41f15c71c7') in 0.018363 seconds 
  Import took 0.025923 seconds .

========================================================================
Received Import Request.
  Time since last request: 0.003720 seconds.
  path: Assets/VR Beginner/VFX/Potions/LiquidPurple.mat
  artifactKey: Guid(cddb575c80629af428d847949713f31b) Importer(815301076,1909f56bfc062723c751e8b465ee728b)
Start importing Assets/VR Beginner/VFX/Potions/LiquidPurple.mat using Guid(cddb575c80629af428d847949713f31b) Importer(815301076,1909f56bfc062723c751e8b465ee728b)  -> (artifact id: '89d6ba00fe45324ae5d283354643d77f') in 0.013352 seconds 
  Import took 0.020411 seconds .

========================================================================
Received Import Request.
  Time since last request: 0.003341 seconds.
  path: Assets/VR Beginner/Materials/TheMaterial.mat
  artifactKey: Guid(b087163334465c846aaae5f8ba363f50) Importer(815301076,1909f56bfc062723c751e8b465ee728b)
Start importing Assets/VR Beginner/Materials/TheMaterial.mat using Guid(b087163334465c846aaae5f8ba363f50) Importer(815301076,1909f56bfc062723c751e8b465ee728b)  -> (artifact id: '8668f6a041b277c1b72934791cbfc6be') in 0.014369 seconds 
  Import took 0.021018 seconds .

========================================================================
Received Import Request.
  Time since last request: 0.008501 seconds.
  path: Assets/VR Beginner/Textures/TheMaterial/TheMaterialMetallic.tif
  artifactKey: Guid(4c7d4bf7b6df63e499c6f57094d813ed) Importer(815301076,1909f56bfc062723c751e8b465ee728b)
Start importing Assets/VR Beginner/Textures/TheMaterial/TheMaterialMetallic.tif using Guid(4c7d4bf7b6df63e499c6f57094d813ed) Importer(815301076,1909f56bfc062723c751e8b465ee728b)  -> (artifact id: 'ed5e8f9373d811120b75baf82aa0cda8') in 0.013000 seconds 
  Import took 0.020504 seconds .

========================================================================
Received Import Request.
  Time since last request: 18.644793 seconds.
  path: Assets/VR Beginner/Prefabs/Stations/Desk.prefab
  artifactKey: Guid(01a64cc768ea0434cb358614311e7565) Importer(815301076,1909f56bfc062723c751e8b465ee728b)
Start importing Assets/VR Beginner/Prefabs/Stations/Desk.prefab using Guid(01a64cc768ea0434cb358614311e7565) Importer(815301076,1909f56bfc062723c751e8b465ee728b)  -> (artifact id: '6d5c3cafe704b434d11aa38b1fbb0adb') in 0.080085 seconds 
  Import took 0.087175 seconds .

========================================================================
Received Import Request.
  Time since last request: 0.780112 seconds.
  path: Assets/VR Beginner/Models/Desk.fbx
  artifactKey: Guid(3f6b53ff11f455d4f920d187cb688cbe) Importer(815301076,1909f56bfc062723c751e8b465ee728b)
Start importing Assets/VR Beginner/Models/Desk.fbx using Guid(3f6b53ff11f455d4f920d187cb688cbe) Importer(815301076,1909f56bfc062723c751e8b465ee728b)  -> (artifact id: 'ddb1bc0a81e97bcb91e43dd30d3efacc') in 0.141189 seconds 
  Import took 0.148421 seconds .

========================================================================
Received Import Request.
  Time since last request: 112.330059 seconds.
  path: Assets/VR Beginner/Prefabs/Stations/ExitDoor.prefab
  artifactKey: Guid(837ee73cd60b7964cbaa4cad186161d9) Importer(815301076,1909f56bfc062723c751e8b465ee728b)
Start importing Assets/VR Beginner/Prefabs/Stations/ExitDoor.prefab using Guid(837ee73cd60b7964cbaa4cad186161d9) Importer(815301076,1909f56bfc062723c751e8b465ee728b)  -> (artifact id: '1262a6e0e6982d3149aeeb2e55b00668') in 0.062010 seconds 
  Import took 0.069038 seconds .

========================================================================
Received Import Request.
  Time since last request: 8.299336 seconds.
  path: Assets/VR Beginner/Prefabs/Stations/ExitDoorLock.prefab
  artifactKey: Guid(6d67d81d0c967a0468c682c56358b585) Importer(815301076,1909f56bfc062723c751e8b465ee728b)
Start importing Assets/VR Beginner/Prefabs/Stations/ExitDoorLock.prefab using Guid(6d67d81d0c967a0468c682c56358b585) Importer(815301076,1909f56bfc062723c751e8b465ee728b)  -> (artifact id: '8e8ccd381bc575468710a021df61829c') in 0.373611 seconds 
  Import took 0.381251 seconds .

========================================================================
Received Import Request.
  Time since last request: 1.893997 seconds.
  path: Assets/VR Beginner/Prefabs/EscapeRoom/ExitDoorLock.prefab
  artifactKey: Guid(d5730d76aac4cc14496fd9c7a4cdb8a7) Importer(815301076,1909f56bfc062723c751e8b465ee728b)
Start importing Assets/VR Beginner/Prefabs/EscapeRoom/ExitDoorLock.prefab using Guid(d5730d76aac4cc14496fd9c7a4cdb8a7) Importer(815301076,1909f56bfc062723c751e8b465ee728b)  -> (artifact id: '6c36c92f19f040c62732138ee34ab1d1') in 0.015668 seconds 
  Import took 0.022396 seconds .

========================================================================
Received Import Request.
  Time since last request: 1.807496 seconds.
  path: Assets/VR Beginner/Models/ExitDoorParticleMesh.fbx
  artifactKey: Guid(8b74c2e2692e1ab41a0221c6380c24dd) Importer(815301076,1909f56bfc062723c751e8b465ee728b)
Start importing Assets/VR Beginner/Models/ExitDoorParticleMesh.fbx using Guid(8b74c2e2692e1ab41a0221c6380c24dd) Importer(815301076,1909f56bfc062723c751e8b465ee728b)  -> (artifact id: '53747487b2c22571ca870b8f21b78557') in 0.025196 seconds 
  Import took 0.033114 seconds .

========================================================================
Received Import Request.
  Time since last request: 4.827497 seconds.
  path: Assets/VR Beginner/Models/Kitchen.fbx
  artifactKey: Guid(1f026c8edc86aa44db691d75a4b28e21) Importer(815301076,1909f56bfc062723c751e8b465ee728b)
Start importing Assets/VR Beginner/Models/Kitchen.fbx using Guid(1f026c8edc86aa44db691d75a4b28e21) Importer(815301076,1909f56bfc062723c751e8b465ee728b)  -> (artifact id: '92ee64f247f2bfababfc6f539520a949') in 0.046401 seconds 
  Import took 0.055001 seconds .

========================================================================
Received Import Request.
  Time since last request: 0.756961 seconds.
  path: Assets/VR Beginner/Models/OutdoorShack.fbx
  artifactKey: Guid(2b9378a5444ba4248a76a880faefbf2e) Importer(815301076,1909f56bfc062723c751e8b465ee728b)
Start importing Assets/VR Beginner/Models/OutdoorShack.fbx using Guid(2b9378a5444ba4248a76a880faefbf2e) Importer(815301076,1909f56bfc062723c751e8b465ee728b)  -> (artifact id: 'ee7b449a9f85c59c29adc647c086bc0c') in 0.031498 seconds 
  Import took 0.038756 seconds .

AssetImportWorkerClient::OnTransportError - code=2 error=End of file
